<?xml version="1.0" encoding="UTF-8"?>
<testng-results ignored="0" total="1" passed="1" failed="0" skipped="0">
  <reporter-output>
  </reporter-output>
  <suite started-at="2018-11-01T06:31:30Z" name="Default suite" finished-at="2018-11-01T06:31:53Z" duration-ms="22871">
    <groups>
    </groups>
    <test started-at="2018-11-01T06:31:30Z" name="Default test" finished-at="2018-11-01T06:31:53Z" duration-ms="22871">
      <class name="executionEngine.DriverscriptTest">
        <test-method signature="Test()[pri:0, instance:executionEngine.DriverscriptTest@6a2b953e]" started-at="2018-11-01T06:31:30Z" name="Test" finished-at="2018-11-01T06:31:53Z" duration-ms="22829" status="PASS">
          <reporter-output>
          </reporter-output>
        </test-method> <!-- Test -->
      </class> <!-- executionEngine.DriverscriptTest -->
    </test> <!-- Default test -->
  </suite> <!-- Default suite -->
</testng-results>
